# JRE version: Java(TM) SE Runtime Environment (7.0_45-b18) (build 1.7.0_45-b18)
# Java VM: Java HotSpot(TM) 64-Bit Server VM (24.45-b08 mixed mode windows-amd64 compressed oops)
Heap
 PSYoungGen      total 323072K, used 343K [0x00000007d5900000, 0x00000007f0280000, 0x0000000800000000)
  eden space 319488K, 0% used [0x00000007d5900000,0x00000007d5955e38,0x00000007e9100000)
  from space 3584K, 0% used [0x00000007ef680000,0x00000007ef680000,0x00000007efa00000)
  to   space 8192K, 0% used [0x00000007efa80000,0x00000007efa80000,0x00000007f0280000)
 ParOldGen       total 52224K, used 14219K [0x0000000780c00000, 0x0000000783f00000, 0x00000007d5900000)
  object space 52224K, 27% used [0x0000000780c00000,0x00000007819e2c20,0x0000000783f00000)
 PSPermGen       total 26112K, used 12814K [0x000000077ba00000, 0x000000077d380000, 0x0000000780c00000)
  object space 26112K, 49% used [0x000000077ba00000,0x000000077c6839f0,0x000000077d380000)
GC Heap History (10 events):
Event: 120.319 GC heap before
{Heap before GC invocations=68 (full 0):
 PSYoungGen      total 389120K, used 388940K [0x00000007d5900000, 0x00000007f0d00000, 0x0000000800000000)
  eden space 384000K, 100% used [0x00000007d5900000,0x00000007ed000000,0x00000007ed000000)
  from space 5120K, 96% used [0x00000007f0100000,0x00000007f05d3050,0x00000007f0600000)
  to   space 7168K, 0% used [0x00000007f0600000,0x00000007f0600000,0x00000007f0d00000)
 ParOldGen       total 86528K, used 71085K [0x0000000780c00000, 0x0000000786080000, 0x00000007d5900000)
  object space 86528K, 82% used [0x0000000780c00000,0x000000078516b5f0,0x0000000786080000)
 PSPermGen       total 21504K, used 12819K [0x000000077ba00000, 0x000000077cf00000, 0x0000000780c00000)
  object space 21504K, 59% used [0x000000077ba00000,0x000000077c684ce0,0x000000077cf00000)
Event: 120.339 GC heap after
Heap after GC invocations=68 (full 0):
 PSYoungGen      total 371712K, used 5056K [0x00000007d5900000, 0x00000007f0b00000, 0x0000000800000000)
  eden space 366592K, 0% used [0x00000007d5900000,0x00000007d5900000,0x00000007ebf00000)
  from space 5120K, 98% used [0x00000007f0600000,0x00000007f0af0000,0x00000007f0b00000)
  to   space 7168K, 0% used [0x00000007efd00000,0x00000007efd00000,0x00000007f0400000)
 ParOldGen       total 86528K, used 73985K [0x0000000780c00000, 0x0000000786080000, 0x00000007d5900000)
  object space 86528K, 85% used [0x0000000780c00000,0x0000000785440620,0x0000000786080000)
 PSPermGen       total 21504K, used 12819K [0x000000077ba00000, 0x000000077cf00000, 0x0000000780c00000)
  object space 21504K, 59% used [0x000000077ba00000,0x000000077c684ce0,0x000000077cf00000)
}
Event: 123.190 GC heap before
{Heap before GC invocations=69 (full 0):
 PSYoungGen      total 371712K, used 371648K [0x00000007d5900000, 0x00000007f0b00000, 0x0000000800000000)
  eden space 366592K, 100% used [0x00000007d5900000,0x00000007ebf00000,0x00000007ebf00000)
  from space 5120K, 98% used [0x00000007f0600000,0x00000007f0af0000,0x00000007f0b00000)
  to   space 7168K, 0% used [0x00000007efd00000,0x00000007efd00000,0x00000007f0400000)
 ParOldGen       total 86528K, used 73985K [0x0000000780c00000, 0x0000000786080000, 0x00000007d5900000)
  object space 86528K, 85% used [0x0000000780c00000,0x0000000785440620,0x0000000786080000)
 PSPermGen       total 21504K, used 12821K [0x000000077ba00000, 0x000000077cf00000, 0x0000000780c00000)
  object space 21504K, 59% used [0x000000077ba00000,0x000000077c6855a8,0x000000077cf00000)
Event: 123.202 GC heap after
Heap after GC invocations=69 (full 0):
 PSYoungGen      total 355328K, used 4710K [0x00000007d5900000, 0x00000007f0680000, 0x0000000800000000)
  eden space 350208K, 0% used [0x00000007d5900000,0x00000007d5900000,0x00000007eaf00000)
  from space 5120K, 91% used [0x00000007efd00000,0x00000007f0199830,0x00000007f0200000)
  to   space 4608K, 0% used [0x00000007f0200000,0x00000007f0200000,0x00000007f0680000)
 ParOldGen       total 86528K, used 76289K [0x0000000780c00000, 0x0000000786080000, 0x00000007d5900000)
  object space 86528K, 88% used [0x0000000780c00000,0x0000000785680620,0x0000000786080000)
 PSPermGen       total 21504K, used 12821K [0x000000077ba00000, 0x000000077cf00000, 0x0000000780c00000)
  object space 21504K, 59% used [0x000000077ba00000,0x000000077c6855a8,0x000000077cf00000)
}
Event: 125.405 GC heap before
{Heap before GC invocations=70 (full 0):
 PSYoungGen      total 355328K, used 354918K [0x00000007d5900000, 0x00000007f0680000, 0x0000000800000000)
  eden space 350208K, 100% used [0x00000007d5900000,0x00000007eaf00000,0x00000007eaf00000)
  from space 5120K, 91% used [0x00000007efd00000,0x00000007f0199830,0x00000007f0200000)
  to   space 4608K, 0% used [0x00000007f0200000,0x00000007f0200000,0x00000007f0680000)
 ParOldGen       total 86528K, used 76289K [0x0000000780c00000, 0x0000000786080000, 0x00000007d5900000)
  object space 86528K, 88% used [0x0000000780c00000,0x0000000785680620,0x0000000786080000)
 PSPermGen       total 21504K, used 12821K [0x000000077ba00000, 0x000000077cf00000, 0x0000000780c00000)
  object space 21504K, 59% used [0x000000077ba00000,0x000000077c6855a8,0x000000077cf00000)
Event: 125.418 GC heap after
Heap after GC invocations=70 (full 0):
 PSYoungGen      total 338944K, used 4608K [0x00000007d5900000, 0x00000007f0680000, 0x0000000800000000)
  eden space 334336K, 0% used [0x00000007d5900000,0x00000007d5900000,0x00000007e9f80000)
  from space 4608K, 100% used [0x00000007f0200000,0x00000007f0680000,0x00000007f0680000)
  to   space 8192K, 0% used [0x00000007ef680000,0x00000007ef680000,0x00000007efe80000)
 ParOldGen       total 86528K, used 79257K [0x0000000780c00000, 0x0000000786080000, 0x00000007d5900000)
  object space 86528K, 91% used [0x0000000780c00000,0x0000000785966620,0x0000000786080000)
 PSPermGen       total 21504K, used 12821K [0x000000077ba00000, 0x000000077cf00000, 0x0000000780c00000)
  object space 21504K, 59% used [0x000000077ba00000,0x000000077c6855a8,0x000000077cf00000)
}
Event: 127.683 GC heap before
{Heap before GC invocations=71 (full 0):
 PSYoungGen      total 338944K, used 338944K [0x00000007d5900000, 0x00000007f0680000, 0x0000000800000000)
  eden space 334336K, 100% used [0x00000007d5900000,0x00000007e9f80000,0x00000007e9f80000)
  from space 4608K, 100% used [0x00000007f0200000,0x00000007f0680000,0x00000007f0680000)
  to   space 8192K, 0% used [0x00000007ef680000,0x00000007ef680000,0x00000007efe80000)
 ParOldGen       total 86528K, used 79257K [0x0000000780c00000, 0x0000000786080000, 0x00000007d5900000)
  object space 86528K, 91% used [0x0000000780c00000,0x0000000785966620,0x0000000786080000)
 PSPermGen       total 21504K, used 12821K [0x000000077ba00000, 0x000000077cf00000, 0x0000000780c00000)
  object space 21504K, 59% used [0x000000077ba00000,0x000000077c6855a8,0x000000077cf00000)
Event: 127.698 GC heap after
Heap after GC invocations=71 (full 0):
 PSYoungGen      total 323072K, used 3228K [0x00000007d5900000, 0x00000007f0280000, 0x0000000800000000)
  eden space 319488K, 0% used [0x00000007d5900000,0x00000007d5900000,0x00000007e9100000)
  from space 3584K, 90% used [0x00000007ef680000,0x00000007ef9a7030,0x00000007efa00000)
  to   space 8192K, 0% used [0x00000007efa80000,0x00000007efa80000,0x00000007f0280000)
 ParOldGen       total 86528K, used 83593K [0x0000000780c00000, 0x0000000786080000, 0x00000007d5900000)
  object space 86528K, 96% used [0x0000000780c00000,0x0000000785da2620,0x0000000786080000)
 PSPermGen       total 21504K, used 12821K [0x000000077ba00000, 0x000000077cf00000, 0x0000000780c00000)
  object space 21504K, 59% used [0x000000077ba00000,0x000000077c6855a8,0x000000077cf00000)
}
Event: 127.698 GC heap before
{Heap before GC invocations=72 (full 1):
 PSYoungGen      total 323072K, used 3228K [0x00000007d5900000, 0x00000007f0280000, 0x0000000800000000)
  eden space 319488K, 0% used [0x00000007d5900000,0x00000007d5900000,0x00000007e9100000)
  from space 3584K, 90% used [0x00000007ef680000,0x00000007ef9a7030,0x00000007efa00000)
  to   space 8192K, 0% used [0x00000007efa80000,0x00000007efa80000,0x00000007f0280000)
 ParOldGen       total 86528K, used 83593K [0x0000000780c00000, 0x0000000786080000, 0x00000007d5900000)
  object space 86528K, 96% used [0x0000000780c00000,0x0000000785da2620,0x0000000786080000)
 PSPermGen       total 21504K, used 12821K [0x000000077ba00000, 0x000000077cf00000, 0x0000000780c00000)
  object space 21504K, 59% used [0x000000077ba00000,0x000000077c6855a8,0x000000077cf00000)
Event: 127.881 GC heap after
Heap after GC invocations=72 (full 1):
 PSYoungGen      total 323072K, used 0K [0x00000007d5900000, 0x00000007f0280000, 0x0000000800000000)
  eden space 319488K, 0% used [0x00000007d5900000,0x00000007d5900000,0x00000007e9100000)
  from space 3584K, 0% used [0x00000007ef680000,0x00000007ef680000,0x00000007efa00000)
  to   space 8192K, 0% used [0x00000007efa80000,0x00000007efa80000,0x00000007f0280000)
 ParOldGen       total 52224K, used 14219K [0x0000000780c00000, 0x0000000783f00000, 0x00000007d5900000)
  object space 52224K, 27% used [0x0000000780c00000,0x00000007819e2c20,0x0000000783f00000)
 PSPermGen       total 26112K, used 12813K [0x000000077ba00000, 0x000000077d380000, 0x0000000780c00000)
  object space 26112K, 49% used [0x000000077ba00000,0x000000077c6836e0,0x000000077d380000)
}

