# JRE version: Java(TM) SE Runtime Environment (7.0_45-b18) (build 1.7.0_45-b18)
# Java VM: Java HotSpot(TM) 64-Bit Server VM (24.45-b08 mixed mode windows-amd64 compressed oops)
Heap
 PSYoungGen      total 212480K, used 489K [0x00000007d5900000, 0x00000007e6a00000, 0x0000000800000000)
  eden space 209408K, 0% used [0x00000007d5900000,0x00000007d597a788,0x00000007e2580000)
  from space 3072K, 0% used [0x00000007e6700000,0x00000007e6700000,0x00000007e6a00000)
  to   space 6144K, 0% used [0x00000007e5e00000,0x00000007e5e00000,0x00000007e6400000)
 ParOldGen       total 126976K, used 65140K [0x0000000780c00000, 0x0000000788800000, 0x00000007d5900000)
  object space 126976K, 51% used [0x0000000780c00000,0x0000000784b9d298,0x0000000788800000)
 PSPermGen       total 32256K, used 13417K [0x000000077ba00000, 0x000000077d980000, 0x0000000780c00000)
  object space 32256K, 41% used [0x000000077ba00000,0x000000077c71a4d8,0x000000077d980000)
GC Heap History (10 events):
Event: 313.298 GC heap before
{Heap before GC invocations=105 (full 4):
 PSYoungGen      total 157696K, used 157376K [0x00000007d5900000, 0x00000007e7680000, 0x0000000800000000)
  eden space 154624K, 100% used [0x00000007d5900000,0x00000007df000000,0x00000007df000000)
  from space 3072K, 89% used [0x00000007e7380000,0x00000007e7630010,0x00000007e7680000)
  to   space 7168K, 0% used [0x00000007e6880000,0x00000007e6880000,0x00000007e6f80000)
 ParOldGen       total 132096K, used 118307K [0x0000000780c00000, 0x0000000788d00000, 0x00000007d5900000)
  object space 132096K, 89% used [0x0000000780c00000,0x0000000787f88cb0,0x0000000788d00000)
 PSPermGen       total 34304K, used 13531K [0x000000077ba00000, 0x000000077db80000, 0x0000000780c00000)
  object space 34304K, 39% used [0x000000077ba00000,0x000000077c736c88,0x000000077db80000)
Event: 313.323 GC heap after
Heap after GC invocations=105 (full 4):
 PSYoungGen      total 176640K, used 2432K [0x00000007d5900000, 0x00000007e7400000, 0x0000000800000000)
  eden space 174080K, 0% used [0x00000007d5900000,0x00000007d5900000,0x00000007e0300000)
  from space 2560K, 95% used [0x00000007e6880000,0x00000007e6ae0000,0x00000007e6b00000)
  to   space 7168K, 0% used [0x00000007e6d00000,0x00000007e6d00000,0x00000007e7400000)
 ParOldGen       total 132096K, used 120899K [0x0000000780c00000, 0x0000000788d00000, 0x00000007d5900000)
  object space 132096K, 91% used [0x0000000780c00000,0x0000000788210cc0,0x0000000788d00000)
 PSPermGen       total 34304K, used 13531K [0x000000077ba00000, 0x000000077db80000, 0x0000000780c00000)
  object space 34304K, 39% used [0x000000077ba00000,0x000000077c736c88,0x000000077db80000)
}
Event: 315.997 GC heap before
{Heap before GC invocations=106 (full 4):
 PSYoungGen      total 176640K, used 176512K [0x00000007d5900000, 0x00000007e7400000, 0x0000000800000000)
  eden space 174080K, 100% used [0x00000007d5900000,0x00000007e0300000,0x00000007e0300000)
  from space 2560K, 95% used [0x00000007e6880000,0x00000007e6ae0000,0x00000007e6b00000)
  to   space 7168K, 0% used [0x00000007e6d00000,0x00000007e6d00000,0x00000007e7400000)
 ParOldGen       total 132096K, used 120899K [0x0000000780c00000, 0x0000000788d00000, 0x00000007d5900000)
  object space 132096K, 91% used [0x0000000780c00000,0x0000000788210cc0,0x0000000788d00000)
 PSPermGen       total 34304K, used 13531K [0x000000077ba00000, 0x000000077db80000, 0x0000000780c00000)
  object space 34304K, 39% used [0x000000077ba00000,0x000000077c736c88,0x000000077db80000)
Event: 316.010 GC heap after
Heap after GC invocations=106 (full 4):
 PSYoungGen      total 197120K, used 2560K [0x00000007d5900000, 0x00000007e6f80000, 0x0000000800000000)
  eden space 194560K, 0% used [0x00000007d5900000,0x00000007d5900000,0x00000007e1700000)
  from space 2560K, 100% used [0x00000007e6d00000,0x00000007e6f80000,0x00000007e6f80000)
  to   space 6656K, 0% used [0x00000007e6280000,0x00000007e6280000,0x00000007e6900000)
 ParOldGen       total 132096K, used 123227K [0x0000000780c00000, 0x0000000788d00000, 0x00000007d5900000)
  object space 132096K, 93% used [0x0000000780c00000,0x0000000788456cc0,0x0000000788d00000)
 PSPermGen       total 34304K, used 13531K [0x000000077ba00000, 0x000000077db80000, 0x0000000780c00000)
  object space 34304K, 39% used [0x000000077ba00000,0x000000077c736c88,0x000000077db80000)
}
Event: 319.025 GC heap before
{Heap before GC invocations=107 (full 4):
 PSYoungGen      total 197120K, used 197120K [0x00000007d5900000, 0x00000007e6f80000, 0x0000000800000000)
  eden space 194560K, 100% used [0x00000007d5900000,0x00000007e1700000,0x00000007e1700000)
  from space 2560K, 100% used [0x00000007e6d00000,0x00000007e6f80000,0x00000007e6f80000)
  to   space 6656K, 0% used [0x00000007e6280000,0x00000007e6280000,0x00000007e6900000)
 ParOldGen       total 132096K, used 123227K [0x0000000780c00000, 0x0000000788d00000, 0x00000007d5900000)
  object space 132096K, 93% used [0x0000000780c00000,0x0000000788456cc0,0x0000000788d00000)
 PSPermGen       total 34304K, used 13531K [0x000000077ba00000, 0x000000077db80000, 0x0000000780c00000)
  object space 34304K, 39% used [0x000000077ba00000,0x000000077c736c88,0x000000077db80000)
Event: 319.040 GC heap after
Heap after GC invocations=107 (full 4):
 PSYoungGen      total 190464K, used 2912K [0x00000007d5900000, 0x00000007e6d80000, 0x0000000800000000)
  eden space 187392K, 0% used [0x00000007d5900000,0x00000007d5900000,0x00000007e1000000)
  from space 3072K, 94% used [0x00000007e6280000,0x00000007e6558000,0x00000007e6580000)
  to   space 6656K, 0% used [0x00000007e6700000,0x00000007e6700000,0x00000007e6d80000)
 ParOldGen       total 132096K, used 125683K [0x0000000780c00000, 0x0000000788d00000, 0x00000007d5900000)
  object space 132096K, 95% used [0x0000000780c00000,0x00000007886bccc0,0x0000000788d00000)
 PSPermGen       total 34304K, used 13531K [0x000000077ba00000, 0x000000077db80000, 0x0000000780c00000)
  object space 34304K, 39% used [0x000000077ba00000,0x000000077c736c88,0x000000077db80000)
}
Event: 321.895 GC heap before
{Heap before GC invocations=108 (full 4):
 PSYoungGen      total 190464K, used 190304K [0x00000007d5900000, 0x00000007e6d80000, 0x0000000800000000)
  eden space 187392K, 100% used [0x00000007d5900000,0x00000007e1000000,0x00000007e1000000)
  from space 3072K, 94% used [0x00000007e6280000,0x00000007e6558000,0x00000007e6580000)
  to   space 6656K, 0% used [0x00000007e6700000,0x00000007e6700000,0x00000007e6d80000)
 ParOldGen       total 132096K, used 125683K [0x0000000780c00000, 0x0000000788d00000, 0x00000007d5900000)
  object space 132096K, 95% used [0x0000000780c00000,0x00000007886bccc0,0x0000000788d00000)
 PSPermGen       total 34304K, used 13531K [0x000000077ba00000, 0x000000077db80000, 0x0000000780c00000)
  object space 34304K, 39% used [0x000000077ba00000,0x000000077c736ca8,0x000000077db80000)
Event: 321.913 GC heap after
Heap after GC invocations=108 (full 4):
 PSYoungGen      total 212480K, used 2976K [0x00000007d5900000, 0x00000007e6a00000, 0x0000000800000000)
  eden space 209408K, 0% used [0x00000007d5900000,0x00000007d5900000,0x00000007e2580000)
  from space 3072K, 96% used [0x00000007e6700000,0x00000007e69e8000,0x00000007e6a00000)
  to   space 6144K, 0% used [0x00000007e5e00000,0x00000007e5e00000,0x00000007e6400000)
 ParOldGen       total 132096K, used 128467K [0x0000000780c00000, 0x0000000788d00000, 0x00000007d5900000)
  object space 132096K, 97% used [0x0000000780c00000,0x0000000788974cc0,0x0000000788d00000)
 PSPermGen       total 34304K, used 13531K [0x000000077ba00000, 0x000000077db80000, 0x0000000780c00000)
  object space 34304K, 39% used [0x000000077ba00000,0x000000077c736ca8,0x000000077db80000)
}
Event: 321.913 GC heap before
{Heap before GC invocations=109 (full 5):
 PSYoungGen      total 212480K, used 2976K [0x00000007d5900000, 0x00000007e6a00000, 0x0000000800000000)
  eden space 209408K, 0% used [0x00000007d5900000,0x00000007d5900000,0x00000007e2580000)
  from space 3072K, 96% used [0x00000007e6700000,0x00000007e69e8000,0x00000007e6a00000)
  to   space 6144K, 0% used [0x00000007e5e00000,0x00000007e5e00000,0x00000007e6400000)
 ParOldGen       total 132096K, used 128467K [0x0000000780c00000, 0x0000000788d00000, 0x00000007d5900000)
  object space 132096K, 97% used [0x0000000780c00000,0x0000000788974cc0,0x0000000788d00000)
 PSPermGen       total 34304K, used 13531K [0x000000077ba00000, 0x000000077db80000, 0x0000000780c00000)
  object space 34304K, 39% used [0x000000077ba00000,0x000000077c736ca8,0x000000077db80000)
Event: 322.123 GC heap after
Heap after GC invocations=109 (full 5):
 PSYoungGen      total 212480K, used 0K [0x00000007d5900000, 0x00000007e6a00000, 0x0000000800000000)
  eden space 209408K, 0% used [0x00000007d5900000,0x00000007d5900000,0x00000007e2580000)
  from space 3072K, 0% used [0x00000007e6700000,0x00000007e6700000,0x00000007e6a00000)
  to   space 6144K, 0% used [0x00000007e5e00000,0x00000007e5e00000,0x00000007e6400000)
 ParOldGen       total 126976K, used 65140K [0x0000000780c00000, 0x0000000788800000, 0x00000007d5900000)
  object space 126976K, 51% used [0x0000000780c00000,0x0000000784b9d298,0x0000000788800000)
 PSPermGen       total 32256K, used 13417K [0x000000077ba00000, 0x000000077d980000, 0x0000000780c00000)
  object space 32256K, 41% used [0x000000077ba00000,0x000000077c71a4d8,0x000000077d980000)
}

